  GameTubi.cpp
D:\GameEngines\GameTubi\Source\Engine\Window.h(2,1): error C2007: sintaxis de #define
D:\GameEngines\GameTubi\Source\Engine\Components\SceneManager\ManagerScene.h(2,10): warning C4067: símbolos (token) inesperados después de la directiva del preprocesador; se esperaba una nueva línea
D:\GameEngines\GameTubi\Source\Engine\Components\SceneManager\ManagerScene.h(3,10): warning C4067: símbolos (token) inesperados después de la directiva del preprocesador; se esperaba una nueva línea
D:\GameEngines\GameTubi\Source\Engine\Components\Gizmos\GizmoDrawer.h(37,26): warning C4838: la conversión de 'float' en 'int' requiere una conversión de restricción
D:\GameEngines\GameTubi\Source\Engine\Components\Gizmos\GizmoDrawer.h(37,26): warning C4244: 'inicializando': conversión de 'float' a 'int'; posible pérdida de datos
D:\GameEngines\GameTubi\Source\Engine\Components\Gizmos\GizmoDrawer.h(37,36): warning C4838: la conversión de 'float' en 'int' requiere una conversión de restricción
D:\GameEngines\GameTubi\Source\Engine\Components\Gizmos\GizmoDrawer.h(37,36): warning C4244: 'inicializando': conversión de 'float' a 'int'; posible pérdida de datos
D:\GameEngines\GameTubi\Source\Engine\Components\Object.h(13,14): warning C4099: 'b2Body': nombre de tipo visto anteriormente usando 'class' ahora se ve usando 'struct'
D:\GameEngines\GameTubi\Complementos\include\Box2D\b2_joint.h(29,7): message : vea la declaración de 'b2Body'
D:\GameEngines\GameTubi\Source\Engine\Components\Object.h(14,22): warning C4099: 'b2PolygonShape': nombre de tipo visto anteriormente usando 'class' ahora se ve usando 'struct'
D:\GameEngines\GameTubi\Complementos\include\Box2D\b2_polygon_shape.h(34,14): message : vea la declaración de 'b2PolygonShape'
D:\GameEngines\GameTubi\Source\Engine\Components\Mathf\GMathf.h(19,12): warning C4244: 'return': conversión de 'double' a 'float'; posible pérdida de datos
D:\GameEngines\GameTubi\Source\Engine\Components\Mathf\GMathf.h(53,10): warning C4244: 'return': conversión de 'int' a 'float'; posible pérdida de datos
D:\GameEngines\GameTubi\Source\Engine\Components\Mathf\GMathf.h(173,3): warning C4305: 'return': truncamiento de 'double' a 'float'
D:\GameEngines\GameTubi\Source\Engine\Components\ParticlesSystem\Particle.h(52,26): warning C4838: la conversión de 'float' en 'int' requiere una conversión de restricción
D:\GameEngines\GameTubi\Source\Engine\Components\ParticlesSystem\Particle.h(52,26): warning C4244: 'inicializando': conversión de 'float' a 'int'; posible pérdida de datos
D:\GameEngines\GameTubi\Source\Engine\Components\ParticlesSystem\Particle.h(52,36): warning C4838: la conversión de 'float' en 'int' requiere una conversión de restricción
D:\GameEngines\GameTubi\Source\Engine\Components\ParticlesSystem\Particle.h(52,36): warning C4244: 'inicializando': conversión de 'float' a 'int'; posible pérdida de datos
D:\GameEngines\GameTubi\Source\Engine\Components\ParticlesSystem\ParticlesSystem.h(23): warning C4305: 'inicializando': truncamiento de 'double' a 'float'
D:\GameEngines\GameTubi\Source\Engine\Components\ParticlesSystem\ParticlesSystem.h(56,19): warning C4244: 'inicializando': conversión de 'float' a 'int'; posible pérdida de datos
D:\GameEngines\GameTubi\Source\Engine\Components\ParticlesSystem\ParticlesSystem.h(57,19): warning C4244: 'inicializando': conversión de 'float' a 'int'; posible pérdida de datos
D:\GameEngines\GameTubi\Source\Engine\Components\ParticlesSystem\ParticlesSystem.h(65,1): warning C4267: 'inicializando': conversión de 'size_t' a 'int'; posible pérdida de datos
D:\GameEngines\GameTubi\Source\Engine\Components\ParticlesSystem\ParticlesSystem.h(111,40): warning C4244: '=': conversión de 'int' a 'float'; posible pérdida de datos
D:\GameEngines\GameTubi\Source\Engine\Components\ParticlesSystem\ParticlesSystem.h(120,1): warning C4267: 'inicializando': conversión de 'size_t' a 'int'; posible pérdida de datos
D:\GameEngines\GameTubi\Source\Engine\Components\ParticlesSystem\ParticlesSystem.h(138,1): warning C4267: 'inicializando': conversión de 'size_t' a 'int'; posible pérdida de datos
D:\GameEngines\GameTubi\Source\Engine\Components\SceneManager\Scene.h(14,14): warning C4099: 'b2Draw': nombre de tipo visto anteriormente usando 'class' ahora se ve usando 'struct'
D:\GameEngines\GameTubi\Complementos\include\Box2D\b2_joint.h(30,7): message : vea la declaración de 'b2Draw'
  AudioSource.cpp
D:\GameEngines\GameTubi\Source\Engine\Window.h(2,1): error C2007: sintaxis de #define
D:\GameEngines\GameTubi\Source\Engine\Components\Gizmos\GizmoDrawer.h(37,26): warning C4838: la conversión de 'float' en 'int' requiere una conversión de restricción
D:\GameEngines\GameTubi\Source\Engine\Components\Gizmos\GizmoDrawer.h(37,26): warning C4244: 'inicializando': conversión de 'float' a 'int'; posible pérdida de datos
D:\GameEngines\GameTubi\Source\Engine\Components\Gizmos\GizmoDrawer.h(37,36): warning C4838: la conversión de 'float' en 'int' requiere una conversión de restricción
D:\GameEngines\GameTubi\Source\Engine\Components\Gizmos\GizmoDrawer.h(37,36): warning C4244: 'inicializando': conversión de 'float' a 'int'; posible pérdida de datos
  PlayMode.cpp
D:\GameEngines\GameTubi\Source\Engine\Window.h(2,1): error C2007: sintaxis de #define
D:\GameEngines\GameTubi\Source\Engine\Components\Gizmos\GizmoDrawer.h(37,26): warning C4838: la conversión de 'float' en 'int' requiere una conversión de restricción
D:\GameEngines\GameTubi\Source\Engine\Components\Gizmos\GizmoDrawer.h(37,26): warning C4244: 'inicializando': conversión de 'float' a 'int'; posible pérdida de datos
D:\GameEngines\GameTubi\Source\Engine\Components\Gizmos\GizmoDrawer.h(37,36): warning C4838: la conversión de 'float' en 'int' requiere una conversión de restricción
D:\GameEngines\GameTubi\Source\Engine\Components\Gizmos\GizmoDrawer.h(37,36): warning C4244: 'inicializando': conversión de 'float' a 'int'; posible pérdida de datos
D:\GameEngines\GameTubi\Source\Engine\Components\Object.h(13,14): warning C4099: 'b2Body': nombre de tipo visto anteriormente usando 'class' ahora se ve usando 'struct'
D:\GameEngines\GameTubi\Complementos\include\Box2D\b2_joint.h(29,7): message : vea la declaración de 'b2Body'
D:\GameEngines\GameTubi\Source\Engine\Components\Object.h(14,22): warning C4099: 'b2PolygonShape': nombre de tipo visto anteriormente usando 'class' ahora se ve usando 'struct'
D:\GameEngines\GameTubi\Complementos\include\Box2D\b2_polygon_shape.h(34,14): message : vea la declaración de 'b2PolygonShape'
D:\GameEngines\GameTubi\Source\Engine\Components\Mathf\GMathf.h(19,12): warning C4244: 'return': conversión de 'double' a 'float'; posible pérdida de datos
D:\GameEngines\GameTubi\Source\Engine\Components\Mathf\GMathf.h(53,10): warning C4244: 'return': conversión de 'int' a 'float'; posible pérdida de datos
D:\GameEngines\GameTubi\Source\Engine\Components\Mathf\GMathf.h(173,3): warning C4305: 'return': truncamiento de 'double' a 'float'
D:\GameEngines\GameTubi\Source\Engine\Components\ParticlesSystem\Particle.h(52,26): warning C4838: la conversión de 'float' en 'int' requiere una conversión de restricción
D:\GameEngines\GameTubi\Source\Engine\Components\ParticlesSystem\Particle.h(52,26): warning C4244: 'inicializando': conversión de 'float' a 'int'; posible pérdida de datos
D:\GameEngines\GameTubi\Source\Engine\Components\ParticlesSystem\Particle.h(52,36): warning C4838: la conversión de 'float' en 'int' requiere una conversión de restricción
D:\GameEngines\GameTubi\Source\Engine\Components\ParticlesSystem\Particle.h(52,36): warning C4244: 'inicializando': conversión de 'float' a 'int'; posible pérdida de datos
D:\GameEngines\GameTubi\Source\Engine\Components\ParticlesSystem\ParticlesSystem.h(23): warning C4305: 'inicializando': truncamiento de 'double' a 'float'
D:\GameEngines\GameTubi\Source\Engine\Components\ParticlesSystem\ParticlesSystem.h(56,19): warning C4244: 'inicializando': conversión de 'float' a 'int'; posible pérdida de datos
D:\GameEngines\GameTubi\Source\Engine\Components\ParticlesSystem\ParticlesSystem.h(57,19): warning C4244: 'inicializando': conversión de 'float' a 'int'; posible pérdida de datos
D:\GameEngines\GameTubi\Source\Engine\Components\ParticlesSystem\ParticlesSystem.h(65,1): warning C4267: 'inicializando': conversión de 'size_t' a 'int'; posible pérdida de datos
D:\GameEngines\GameTubi\Source\Engine\Components\ParticlesSystem\ParticlesSystem.h(111,40): warning C4244: '=': conversión de 'int' a 'float'; posible pérdida de datos
D:\GameEngines\GameTubi\Source\Engine\Components\ParticlesSystem\ParticlesSystem.h(120,1): warning C4267: 'inicializando': conversión de 'size_t' a 'int'; posible pérdida de datos
D:\GameEngines\GameTubi\Source\Engine\Components\ParticlesSystem\ParticlesSystem.h(138,1): warning C4267: 'inicializando': conversión de 'size_t' a 'int'; posible pérdida de datos
D:\GameEngines\GameTubi\Source\Engine\Components\SceneManager\Scene.h(14,14): warning C4099: 'b2Draw': nombre de tipo visto anteriormente usando 'class' ahora se ve usando 'struct'
D:\GameEngines\GameTubi\Complementos\include\Box2D\b2_joint.h(30,7): message : vea la declaración de 'b2Draw'
D:\GameEngines\GameTubi\Source\Engine\Components\SceneManager\ManagerScene.h(2,10): warning C4067: símbolos (token) inesperados después de la directiva del preprocesador; se esperaba una nueva línea
D:\GameEngines\GameTubi\Source\Engine\Components\SceneManager\ManagerScene.h(3,10): warning C4067: símbolos (token) inesperados después de la directiva del preprocesador; se esperaba una nueva línea
  GizmoDrawer.cpp
D:\GameEngines\GameTubi\Source\Engine\Window.h(2,1): error C2007: sintaxis de #define
D:\GameEngines\GameTubi\Source\Engine\Components\Gizmos\GizmoDrawer.h(37,26): warning C4838: la conversión de 'float' en 'int' requiere una conversión de restricción
D:\GameEngines\GameTubi\Source\Engine\Components\Gizmos\GizmoDrawer.h(37,26): warning C4244: 'inicializando': conversión de 'float' a 'int'; posible pérdida de datos
D:\GameEngines\GameTubi\Source\Engine\Components\Gizmos\GizmoDrawer.h(37,36): warning C4838: la conversión de 'float' en 'int' requiere una conversión de restricción
D:\GameEngines\GameTubi\Source\Engine\Components\Gizmos\GizmoDrawer.h(37,36): warning C4244: 'inicializando': conversión de 'float' a 'int'; posible pérdida de datos
  Lua.cpp
D:\GameEngines\GameTubi\Source\Engine\Window.h(2,1): error C2007: sintaxis de #define
D:\GameEngines\GameTubi\Source\Engine\Components\Gizmos\GizmoDrawer.h(37,26): warning C4838: la conversión de 'float' en 'int' requiere una conversión de restricción
D:\GameEngines\GameTubi\Source\Engine\Components\Gizmos\GizmoDrawer.h(37,26): warning C4244: 'inicializando': conversión de 'float' a 'int'; posible pérdida de datos
D:\GameEngines\GameTubi\Source\Engine\Components\Gizmos\GizmoDrawer.h(37,36): warning C4838: la conversión de 'float' en 'int' requiere una conversión de restricción
D:\GameEngines\GameTubi\Source\Engine\Components\Gizmos\GizmoDrawer.h(37,36): warning C4244: 'inicializando': conversión de 'float' a 'int'; posible pérdida de datos
D:\GameEngines\GameTubi\Source\Engine\Components\Object.h(13,14): warning C4099: 'b2Body': nombre de tipo visto anteriormente usando 'class' ahora se ve usando 'struct'
D:\GameEngines\GameTubi\Complementos\include\Box2D\b2_joint.h(29,7): message : vea la declaración de 'b2Body'
D:\GameEngines\GameTubi\Source\Engine\Components\Object.h(14,22): warning C4099: 'b2PolygonShape': nombre de tipo visto anteriormente usando 'class' ahora se ve usando 'struct'
D:\GameEngines\GameTubi\Complementos\include\Box2D\b2_polygon_shape.h(34,14): message : vea la declaración de 'b2PolygonShape'
D:\GameEngines\GameTubi\Source\Engine\Components\SceneManager\ManagerScene.h(2,10): warning C4067: símbolos (token) inesperados después de la directiva del preprocesador; se esperaba una nueva línea
D:\GameEngines\GameTubi\Source\Engine\Components\SceneManager\ManagerScene.h(3,10): warning C4067: símbolos (token) inesperados después de la directiva del preprocesador; se esperaba una nueva línea
D:\GameEngines\GameTubi\Source\Engine\Components\Mathf\GMathf.h(19,12): warning C4244: 'return': conversión de 'double' a 'float'; posible pérdida de datos
D:\GameEngines\GameTubi\Source\Engine\Components\Mathf\GMathf.h(53,10): warning C4244: 'return': conversión de 'int' a 'float'; posible pérdida de datos
D:\GameEngines\GameTubi\Source\Engine\Components\Mathf\GMathf.h(173,3): warning C4305: 'return': truncamiento de 'double' a 'float'
D:\GameEngines\GameTubi\Source\Engine\Components\ParticlesSystem\Particle.h(52,26): warning C4838: la conversión de 'float' en 'int' requiere una conversión de restricción
D:\GameEngines\GameTubi\Source\Engine\Components\ParticlesSystem\Particle.h(52,26): warning C4244: 'inicializando': conversión de 'float' a 'int'; posible pérdida de datos
D:\GameEngines\GameTubi\Source\Engine\Components\ParticlesSystem\Particle.h(52,36): warning C4838: la conversión de 'float' en 'int' requiere una conversión de restricción
D:\GameEngines\GameTubi\Source\Engine\Components\ParticlesSystem\Particle.h(52,36): warning C4244: 'inicializando': conversión de 'float' a 'int'; posible pérdida de datos
D:\GameEngines\GameTubi\Source\Engine\Components\ParticlesSystem\ParticlesSystem.h(23): warning C4305: 'inicializando': truncamiento de 'double' a 'float'
D:\GameEngines\GameTubi\Source\Engine\Components\ParticlesSystem\ParticlesSystem.h(56,19): warning C4244: 'inicializando': conversión de 'float' a 'int'; posible pérdida de datos
D:\GameEngines\GameTubi\Source\Engine\Components\ParticlesSystem\ParticlesSystem.h(57,19): warning C4244: 'inicializando': conversión de 'float' a 'int'; posible pérdida de datos
D:\GameEngines\GameTubi\Source\Engine\Components\ParticlesSystem\ParticlesSystem.h(65,1): warning C4267: 'inicializando': conversión de 'size_t' a 'int'; posible pérdida de datos
D:\GameEngines\GameTubi\Source\Engine\Components\ParticlesSystem\ParticlesSystem.h(111,40): warning C4244: '=': conversión de 'int' a 'float'; posible pérdida de datos
D:\GameEngines\GameTubi\Source\Engine\Components\ParticlesSystem\ParticlesSystem.h(120,1): warning C4267: 'inicializando': conversión de 'size_t' a 'int'; posible pérdida de datos
D:\GameEngines\GameTubi\Source\Engine\Components\ParticlesSystem\ParticlesSystem.h(138,1): warning C4267: 'inicializando': conversión de 'size_t' a 'int'; posible pérdida de datos
D:\GameEngines\GameTubi\Source\Engine\Components\SceneManager\Scene.h(14,14): warning C4099: 'b2Draw': nombre de tipo visto anteriormente usando 'class' ahora se ve usando 'struct'
D:\GameEngines\GameTubi\Complementos\include\Box2D\b2_joint.h(30,7): message : vea la declaración de 'b2Draw'
  Object.cpp
D:\GameEngines\GameTubi\Source\Engine\Window.h(2,1): error C2007: sintaxis de #define
D:\GameEngines\GameTubi\Source\Engine\Components\Gizmos\GizmoDrawer.h(37,26): warning C4838: la conversión de 'float' en 'int' requiere una conversión de restricción
D:\GameEngines\GameTubi\Source\Engine\Components\Gizmos\GizmoDrawer.h(37,26): warning C4244: 'inicializando': conversión de 'float' a 'int'; posible pérdida de datos
D:\GameEngines\GameTubi\Source\Engine\Components\Gizmos\GizmoDrawer.h(37,36): warning C4838: la conversión de 'float' en 'int' requiere una conversión de restricción
D:\GameEngines\GameTubi\Source\Engine\Components\Gizmos\GizmoDrawer.h(37,36): warning C4244: 'inicializando': conversión de 'float' a 'int'; posible pérdida de datos
D:\GameEngines\GameTubi\Source\Engine\Components\Object.h(13,14): warning C4099: 'b2Body': nombre de tipo visto anteriormente usando 'class' ahora se ve usando 'struct'
D:\GameEngines\GameTubi\Complementos\include\Box2D\b2_joint.h(29,7): message : vea la declaración de 'b2Body'
D:\GameEngines\GameTubi\Source\Engine\Components\Object.h(14,22): warning C4099: 'b2PolygonShape': nombre de tipo visto anteriormente usando 'class' ahora se ve usando 'struct'
D:\GameEngines\GameTubi\Complementos\include\Box2D\b2_polygon_shape.h(34,14): message : vea la declaración de 'b2PolygonShape'
D:\GameEngines\GameTubi\Source\Engine\Components\SceneManager\ManagerScene.h(2,10): warning C4067: símbolos (token) inesperados después de la directiva del preprocesador; se esperaba una nueva línea
D:\GameEngines\GameTubi\Source\Engine\Components\SceneManager\ManagerScene.h(3,10): warning C4067: símbolos (token) inesperados después de la directiva del preprocesador; se esperaba una nueva línea
D:\GameEngines\GameTubi\Source\Engine\Components\Mathf\GMathf.h(19,12): warning C4244: 'return': conversión de 'double' a 'float'; posible pérdida de datos
D:\GameEngines\GameTubi\Source\Engine\Components\Mathf\GMathf.h(53,10): warning C4244: 'return': conversión de 'int' a 'float'; posible pérdida de datos
D:\GameEngines\GameTubi\Source\Engine\Components\Mathf\GMathf.h(173,3): warning C4305: 'return': truncamiento de 'double' a 'float'
D:\GameEngines\GameTubi\Source\Engine\Components\ParticlesSystem\Particle.h(52,26): warning C4838: la conversión de 'float' en 'int' requiere una conversión de restricción
D:\GameEngines\GameTubi\Source\Engine\Components\ParticlesSystem\Particle.h(52,26): warning C4244: 'inicializando': conversión de 'float' a 'int'; posible pérdida de datos
D:\GameEngines\GameTubi\Source\Engine\Components\ParticlesSystem\Particle.h(52,36): warning C4838: la conversión de 'float' en 'int' requiere una conversión de restricción
D:\GameEngines\GameTubi\Source\Engine\Components\ParticlesSystem\Particle.h(52,36): warning C4244: 'inicializando': conversión de 'float' a 'int'; posible pérdida de datos
D:\GameEngines\GameTubi\Source\Engine\Components\ParticlesSystem\ParticlesSystem.h(23): warning C4305: 'inicializando': truncamiento de 'double' a 'float'
D:\GameEngines\GameTubi\Source\Engine\Components\ParticlesSystem\ParticlesSystem.h(56,19): warning C4244: 'inicializando': conversión de 'float' a 'int'; posible pérdida de datos
D:\GameEngines\GameTubi\Source\Engine\Components\ParticlesSystem\ParticlesSystem.h(57,19): warning C4244: 'inicializando': conversión de 'float' a 'int'; posible pérdida de datos
D:\GameEngines\GameTubi\Source\Engine\Components\ParticlesSystem\ParticlesSystem.h(65,1): warning C4267: 'inicializando': conversión de 'size_t' a 'int'; posible pérdida de datos
D:\GameEngines\GameTubi\Source\Engine\Components\ParticlesSystem\ParticlesSystem.h(111,40): warning C4244: '=': conversión de 'int' a 'float'; posible pérdida de datos
D:\GameEngines\GameTubi\Source\Engine\Components\ParticlesSystem\ParticlesSystem.h(120,1): warning C4267: 'inicializando': conversión de 'size_t' a 'int'; posible pérdida de datos
D:\GameEngines\GameTubi\Source\Engine\Components\ParticlesSystem\ParticlesSystem.h(138,1): warning C4267: 'inicializando': conversión de 'size_t' a 'int'; posible pérdida de datos
D:\GameEngines\GameTubi\Source\Engine\Components\SceneManager\Scene.h(14,14): warning C4099: 'b2Draw': nombre de tipo visto anteriormente usando 'class' ahora se ve usando 'struct'
D:\GameEngines\GameTubi\Complementos\include\Box2D\b2_joint.h(30,7): message : vea la declaración de 'b2Draw'
D:\GameEngines\GameTubi\Source\Engine\Components\Object.cpp(51,28): warning C4244: '=': conversión de 'float' a 'int'; posible pérdida de datos
D:\GameEngines\GameTubi\Source\Engine\Components\Object.cpp(52,29): warning C4244: '=': conversión de 'float' a 'int'; posible pérdida de datos
D:\GameEngines\GameTubi\Source\Engine\Components\Object.cpp(78,24): warning C4244: '=': conversión de 'float' a 'int'; posible pérdida de datos
D:\GameEngines\GameTubi\Source\Engine\Components\Object.cpp(79,26): warning C4244: '=': conversión de 'float' a 'int'; posible pérdida de datos
D:\GameEngines\GameTubi\Source\Engine\Components\Object.cpp(98,26): warning C4244: '=': conversión de 'float' a 'int'; posible pérdida de datos
D:\GameEngines\GameTubi\Source\Engine\Components\Object.cpp(99,26): warning C4244: '=': conversión de 'float' a 'int'; posible pérdida de datos
D:\GameEngines\GameTubi\Source\Engine\Components\Object.cpp(101,23): warning C4244: '=': conversión de 'float' a 'int'; posible pérdida de datos
D:\GameEngines\GameTubi\Source\Engine\Components\Object.cpp(102,24): warning C4244: '=': conversión de 'float' a 'int'; posible pérdida de datos
D:\GameEngines\GameTubi\Source\Engine\Components\Object.cpp(309,28): warning C4244: '=': conversión de 'float' a 'int'; posible pérdida de datos
D:\GameEngines\GameTubi\Source\Engine\Components\Object.cpp(310,29): warning C4244: '=': conversión de 'float' a 'int'; posible pérdida de datos
D:\GameEngines\GameTubi\Source\Engine\Components\Object.cpp(324,3): warning C4150: eliminación de puntero a tipo 'lua_State' incompleto; no se ha llamado a un destructor
D:\GameEngines\GameTubi\Complementos\include\sol\sol\forward.hpp(37,8): message : vea la declaración de 'lua_State'
D:\GameEngines\GameTubi\Source\Engine\Components\Object.cpp(340,3): warning C4150: eliminación de puntero a tipo 'SDL_Texture' incompleto; no se ha llamado a un destructor
D:\GameEngines\GameTubi\Complementos\include\SDL2\SDL_render.h(147,8): message : vea la declaración de 'SDL_Texture'
D:\GameEngines\GameTubi\Source\Engine\Components\Object.cpp(572,106): warning C4244: 'argumento': conversión de 'int' a 'float'; posible pérdida de datos
D:\GameEngines\GameTubi\Source\Engine\Components\Object.cpp(572,101): warning C4244: 'argumento': conversión de 'int' a 'float'; posible pérdida de datos
D:\GameEngines\GameTubi\Source\Engine\Components\Object.cpp(572,94): warning C4244: 'argumento': conversión de 'int' a 'float'; posible pérdida de datos
  ObjectManager.cpp
D:\GameEngines\GameTubi\Source\Engine\Components\SceneManager\ManagerScene.h(2,10): warning C4067: símbolos (token) inesperados después de la directiva del preprocesador; se esperaba una nueva línea
D:\GameEngines\GameTubi\Source\Engine\Components\SceneManager\ManagerScene.h(3,10): warning C4067: símbolos (token) inesperados después de la directiva del preprocesador; se esperaba una nueva línea
D:\GameEngines\GameTubi\Source\Engine\Window.h(2,1): error C2007: sintaxis de #define
D:\GameEngines\GameTubi\Source\Engine\Components\Gizmos\GizmoDrawer.h(37,26): warning C4838: la conversión de 'float' en 'int' requiere una conversión de restricción
D:\GameEngines\GameTubi\Source\Engine\Components\Gizmos\GizmoDrawer.h(37,26): warning C4244: 'inicializando': conversión de 'float' a 'int'; posible pérdida de datos
D:\GameEngines\GameTubi\Source\Engine\Components\Gizmos\GizmoDrawer.h(37,36): warning C4838: la conversión de 'float' en 'int' requiere una conversión de restricción
D:\GameEngines\GameTubi\Source\Engine\Components\Gizmos\GizmoDrawer.h(37,36): warning C4244: 'inicializando': conversión de 'float' a 'int'; posible pérdida de datos
D:\GameEngines\GameTubi\Source\Engine\Components\Object.h(13,14): warning C4099: 'b2Body': nombre de tipo visto anteriormente usando 'class' ahora se ve usando 'struct'
D:\GameEngines\GameTubi\Complementos\include\Box2D\b2_joint.h(29,7): message : vea la declaración de 'b2Body'
D:\GameEngines\GameTubi\Source\Engine\Components\Object.h(14,22): warning C4099: 'b2PolygonShape': nombre de tipo visto anteriormente usando 'class' ahora se ve usando 'struct'
D:\GameEngines\GameTubi\Complementos\include\Box2D\b2_polygon_shape.h(34,14): message : vea la declaración de 'b2PolygonShape'
D:\GameEngines\GameTubi\Source\Engine\Components\Mathf\GMathf.h(19,12): warning C4244: 'return': conversión de 'double' a 'float'; posible pérdida de datos
D:\GameEngines\GameTubi\Source\Engine\Components\Mathf\GMathf.h(53,10): warning C4244: 'return': conversión de 'int' a 'float'; posible pérdida de datos
D:\GameEngines\GameTubi\Source\Engine\Components\Mathf\GMathf.h(173,3): warning C4305: 'return': truncamiento de 'double' a 'float'
D:\GameEngines\GameTubi\Source\Engine\Components\ParticlesSystem\Particle.h(52,26): warning C4838: la conversión de 'float' en 'int' requiere una conversión de restricción
D:\GameEngines\GameTubi\Source\Engine\Components\ParticlesSystem\Particle.h(52,26): warning C4244: 'inicializando': conversión de 'float' a 'int'; posible pérdida de datos
D:\GameEngines\GameTubi\Source\Engine\Components\ParticlesSystem\Particle.h(52,36): warning C4838: la conversión de 'float' en 'int' requiere una conversión de restricción
D:\GameEngines\GameTubi\Source\Engine\Components\ParticlesSystem\Particle.h(52,36): warning C4244: 'inicializando': conversión de 'float' a 'int'; posible pérdida de datos
D:\GameEngines\GameTubi\Source\Engine\Components\ParticlesSystem\ParticlesSystem.h(23): warning C4305: 'inicializando': truncamiento de 'double' a 'float'
D:\GameEngines\GameTubi\Source\Engine\Components\ParticlesSystem\ParticlesSystem.h(56,19): warning C4244: 'inicializando': conversión de 'float' a 'int'; posible pérdida de datos
D:\GameEngines\GameTubi\Source\Engine\Components\ParticlesSystem\ParticlesSystem.h(57,19): warning C4244: 'inicializando': conversión de 'float' a 'int'; posible pérdida de datos
D:\GameEngines\GameTubi\Source\Engine\Components\ParticlesSystem\ParticlesSystem.h(65,1): warning C4267: 'inicializando': conversión de 'size_t' a 'int'; posible pérdida de datos
D:\GameEngines\GameTubi\Source\Engine\Components\ParticlesSystem\ParticlesSystem.h(111,40): warning C4244: '=': conversión de 'int' a 'float'; posible pérdida de datos
D:\GameEngines\GameTubi\Source\Engine\Components\ParticlesSystem\ParticlesSystem.h(120,1): warning C4267: 'inicializando': conversión de 'size_t' a 'int'; posible pérdida de datos
D:\GameEngines\GameTubi\Source\Engine\Components\ParticlesSystem\ParticlesSystem.h(138,1): warning C4267: 'inicializando': conversión de 'size_t' a 'int'; posible pérdida de datos
D:\GameEngines\GameTubi\Source\Engine\Components\SceneManager\Scene.h(14,14): warning C4099: 'b2Draw': nombre de tipo visto anteriormente usando 'class' ahora se ve usando 'struct'
D:\GameEngines\GameTubi\Complementos\include\Box2D\b2_joint.h(30,7): message : vea la declaración de 'b2Draw'
  Particle.cpp
D:\GameEngines\GameTubi\Source\Engine\Window.h(2,1): error C2007: sintaxis de #define
D:\GameEngines\GameTubi\Source\Engine\Components\Gizmos\GizmoDrawer.h(37,26): warning C4838: la conversión de 'float' en 'int' requiere una conversión de restricción
D:\GameEngines\GameTubi\Source\Engine\Components\Gizmos\GizmoDrawer.h(37,26): warning C4244: 'inicializando': conversión de 'float' a 'int'; posible pérdida de datos
D:\GameEngines\GameTubi\Source\Engine\Components\Gizmos\GizmoDrawer.h(37,36): warning C4838: la conversión de 'float' en 'int' requiere una conversión de restricción
D:\GameEngines\GameTubi\Source\Engine\Components\Gizmos\GizmoDrawer.h(37,36): warning C4244: 'inicializando': conversión de 'float' a 'int'; posible pérdida de datos
D:\GameEngines\GameTubi\Source\Engine\Components\Object.h(13,14): warning C4099: 'b2Body': nombre de tipo visto anteriormente usando 'class' ahora se ve usando 'struct'
D:\GameEngines\GameTubi\Complementos\include\Box2D\b2_joint.h(29,7): message : vea la declaración de 'b2Body'
D:\GameEngines\GameTubi\Source\Engine\Components\Object.h(14,22): warning C4099: 'b2PolygonShape': nombre de tipo visto anteriormente usando 'class' ahora se ve usando 'struct'
D:\GameEngines\GameTubi\Complementos\include\Box2D\b2_polygon_shape.h(34,14): message : vea la declaración de 'b2PolygonShape'
D:\GameEngines\GameTubi\Source\Engine\Components\Mathf\GMathf.h(19,12): warning C4244: 'return': conversión de 'double' a 'float'; posible pérdida de datos
D:\GameEngines\GameTubi\Source\Engine\Components\Mathf\GMathf.h(53,10): warning C4244: 'return': conversión de 'int' a 'float'; posible pérdida de datos
D:\GameEngines\GameTubi\Source\Engine\Components\Mathf\GMathf.h(173,3): warning C4305: 'return': truncamiento de 'double' a 'float'
D:\GameEngines\GameTubi\Source\Engine\Components\ParticlesSystem\Particle.h(52,26): warning C4838: la conversión de 'float' en 'int' requiere una conversión de restricción
D:\GameEngines\GameTubi\Source\Engine\Components\ParticlesSystem\Particle.h(52,26): warning C4244: 'inicializando': conversión de 'float' a 'int'; posible pérdida de datos
D:\GameEngines\GameTubi\Source\Engine\Components\ParticlesSystem\Particle.h(52,36): warning C4838: la conversión de 'float' en 'int' requiere una conversión de restricción
D:\GameEngines\GameTubi\Source\Engine\Components\ParticlesSystem\Particle.h(52,36): warning C4244: 'inicializando': conversión de 'float' a 'int'; posible pérdida de datos
  ParticlesSystem.cpp
D:\GameEngines\GameTubi\Source\Engine\Window.h(2,1): error C2007: sintaxis de #define
D:\GameEngines\GameTubi\Source\Engine\Components\Gizmos\GizmoDrawer.h(37,26): warning C4838: la conversión de 'float' en 'int' requiere una conversión de restricción
D:\GameEngines\GameTubi\Source\Engine\Components\Gizmos\GizmoDrawer.h(37,26): warning C4244: 'inicializando': conversión de 'float' a 'int'; posible pérdida de datos
D:\GameEngines\GameTubi\Source\Engine\Components\Gizmos\GizmoDrawer.h(37,36): warning C4838: la conversión de 'float' en 'int' requiere una conversión de restricción
D:\GameEngines\GameTubi\Source\Engine\Components\Gizmos\GizmoDrawer.h(37,36): warning C4244: 'inicializando': conversión de 'float' a 'int'; posible pérdida de datos
D:\GameEngines\GameTubi\Source\Engine\Components\Object.h(13,14): warning C4099: 'b2Body': nombre de tipo visto anteriormente usando 'class' ahora se ve usando 'struct'
D:\GameEngines\GameTubi\Complementos\include\Box2D\b2_joint.h(29,7): message : vea la declaración de 'b2Body'
D:\GameEngines\GameTubi\Source\Engine\Components\Object.h(14,22): warning C4099: 'b2PolygonShape': nombre de tipo visto anteriormente usando 'class' ahora se ve usando 'struct'
D:\GameEngines\GameTubi\Complementos\include\Box2D\b2_polygon_shape.h(34,14): message : vea la declaración de 'b2PolygonShape'
D:\GameEngines\GameTubi\Source\Engine\Components\Mathf\GMathf.h(19,12): warning C4244: 'return': conversión de 'double' a 'float'; posible pérdida de datos
D:\GameEngines\GameTubi\Source\Engine\Components\Mathf\GMathf.h(53,10): warning C4244: 'return': conversión de 'int' a 'float'; posible pérdida de datos
D:\GameEngines\GameTubi\Source\Engine\Components\Mathf\GMathf.h(173,3): warning C4305: 'return': truncamiento de 'double' a 'float'
D:\GameEngines\GameTubi\Source\Engine\Components\ParticlesSystem\Particle.h(52,26): warning C4838: la conversión de 'float' en 'int' requiere una conversión de restricción
D:\GameEngines\GameTubi\Source\Engine\Components\ParticlesSystem\Particle.h(52,26): warning C4244: 'inicializando': conversión de 'float' a 'int'; posible pérdida de datos
D:\GameEngines\GameTubi\Source\Engine\Components\ParticlesSystem\Particle.h(52,36): warning C4838: la conversión de 'float' en 'int' requiere una conversión de restricción
D:\GameEngines\GameTubi\Source\Engine\Components\ParticlesSystem\Particle.h(52,36): warning C4244: 'inicializando': conversión de 'float' a 'int'; posible pérdida de datos
D:\GameEngines\GameTubi\Source\Engine\Components\ParticlesSystem\ParticlesSystem.h(23): warning C4305: 'inicializando': truncamiento de 'double' a 'float'
D:\GameEngines\GameTubi\Source\Engine\Components\ParticlesSystem\ParticlesSystem.h(56,19): warning C4244: 'inicializando': conversión de 'float' a 'int'; posible pérdida de datos
D:\GameEngines\GameTubi\Source\Engine\Components\ParticlesSystem\ParticlesSystem.h(57,19): warning C4244: 'inicializando': conversión de 'float' a 'int'; posible pérdida de datos
D:\GameEngines\GameTubi\Source\Engine\Components\ParticlesSystem\ParticlesSystem.h(65,1): warning C4267: 'inicializando': conversión de 'size_t' a 'int'; posible pérdida de datos
D:\GameEngines\GameTubi\Source\Engine\Components\ParticlesSystem\ParticlesSystem.h(111,40): warning C4244: '=': conversión de 'int' a 'float'; posible pérdida de datos
D:\GameEngines\GameTubi\Source\Engine\Components\ParticlesSystem\ParticlesSystem.h(120,1): warning C4267: 'inicializando': conversión de 'size_t' a 'int'; posible pérdida de datos
D:\GameEngines\GameTubi\Source\Engine\Components\ParticlesSystem\ParticlesSystem.h(138,1): warning C4267: 'inicializando': conversión de 'size_t' a 'int'; posible pérdida de datos
  TriggerData.cpp
D:\GameEngines\GameTubi\Source\Engine\Components\SceneManager\ManagerScene.h(2,10): warning C4067: símbolos (token) inesperados después de la directiva del preprocesador; se esperaba una nueva línea
D:\GameEngines\GameTubi\Source\Engine\Components\SceneManager\ManagerScene.h(3,10): warning C4067: símbolos (token) inesperados después de la directiva del preprocesador; se esperaba una nueva línea
D:\GameEngines\GameTubi\Source\Engine\Window.h(2,1): error C2007: sintaxis de #define
D:\GameEngines\GameTubi\Source\Engine\Components\Gizmos\GizmoDrawer.h(37,26): warning C4838: la conversión de 'float' en 'int' requiere una conversión de restricción
D:\GameEngines\GameTubi\Source\Engine\Components\Gizmos\GizmoDrawer.h(37,26): warning C4244: 'inicializando': conversión de 'float' a 'int'; posible pérdida de datos
D:\GameEngines\GameTubi\Source\Engine\Components\Gizmos\GizmoDrawer.h(37,36): warning C4838: la conversión de 'float' en 'int' requiere una conversión de restricción
D:\GameEngines\GameTubi\Source\Engine\Components\Gizmos\GizmoDrawer.h(37,36): warning C4244: 'inicializando': conversión de 'float' a 'int'; posible pérdida de datos
D:\GameEngines\GameTubi\Source\Engine\Components\Object.h(13,14): warning C4099: 'b2Body': nombre de tipo visto anteriormente usando 'class' ahora se ve usando 'struct'
D:\GameEngines\GameTubi\Complementos\include\Box2D\b2_joint.h(29,7): message : vea la declaración de 'b2Body'
D:\GameEngines\GameTubi\Source\Engine\Components\Object.h(14,22): warning C4099: 'b2PolygonShape': nombre de tipo visto anteriormente usando 'class' ahora se ve usando 'struct'
D:\GameEngines\GameTubi\Complementos\include\Box2D\b2_polygon_shape.h(34,14): message : vea la declaración de 'b2PolygonShape'
D:\GameEngines\GameTubi\Source\Engine\Components\Mathf\GMathf.h(19,12): warning C4244: 'return': conversión de 'double' a 'float'; posible pérdida de datos
D:\GameEngines\GameTubi\Source\Engine\Components\Mathf\GMathf.h(53,10): warning C4244: 'return': conversión de 'int' a 'float'; posible pérdida de datos
D:\GameEngines\GameTubi\Source\Engine\Components\Mathf\GMathf.h(173,3): warning C4305: 'return': truncamiento de 'double' a 'float'
D:\GameEngines\GameTubi\Source\Engine\Components\ParticlesSystem\Particle.h(52,26): warning C4838: la conversión de 'float' en 'int' requiere una conversión de restricción
D:\GameEngines\GameTubi\Source\Engine\Components\ParticlesSystem\Particle.h(52,26): warning C4244: 'inicializando': conversión de 'float' a 'int'; posible pérdida de datos
D:\GameEngines\GameTubi\Source\Engine\Components\ParticlesSystem\Particle.h(52,36): warning C4838: la conversión de 'float' en 'int' requiere una conversión de restricción
D:\GameEngines\GameTubi\Source\Engine\Components\ParticlesSystem\Particle.h(52,36): warning C4244: 'inicializando': conversión de 'float' a 'int'; posible pérdida de datos
D:\GameEngines\GameTubi\Source\Engine\Components\ParticlesSystem\ParticlesSystem.h(23): warning C4305: 'inicializando': truncamiento de 'double' a 'float'
D:\GameEngines\GameTubi\Source\Engine\Components\ParticlesSystem\ParticlesSystem.h(56,19): warning C4244: 'inicializando': conversión de 'float' a 'int'; posible pérdida de datos
D:\GameEngines\GameTubi\Source\Engine\Components\ParticlesSystem\ParticlesSystem.h(57,19): warning C4244: 'inicializando': conversión de 'float' a 'int'; posible pérdida de datos
D:\GameEngines\GameTubi\Source\Engine\Components\ParticlesSystem\ParticlesSystem.h(65,1): warning C4267: 'inicializando': conversión de 'size_t' a 'int'; posible pérdida de datos
D:\GameEngines\GameTubi\Source\Engine\Components\ParticlesSystem\ParticlesSystem.h(111,40): warning C4244: '=': conversión de 'int' a 'float'; posible pérdida de datos
D:\GameEngines\GameTubi\Source\Engine\Components\ParticlesSystem\ParticlesSystem.h(120,1): warning C4267: 'inicializando': conversión de 'size_t' a 'int'; posible pérdida de datos
D:\GameEngines\GameTubi\Source\Engine\Components\ParticlesSystem\ParticlesSystem.h(138,1): warning C4267: 'inicializando': conversión de 'size_t' a 'int'; posible pérdida de datos
D:\GameEngines\GameTubi\Source\Engine\Components\SceneManager\Scene.h(14,14): warning C4099: 'b2Draw': nombre de tipo visto anteriormente usando 'class' ahora se ve usando 'struct'
D:\GameEngines\GameTubi\Complementos\include\Box2D\b2_joint.h(30,7): message : vea la declaración de 'b2Draw'
  SaveData.cpp
D:\GameEngines\GameTubi\Source\Engine\Window.h(2,1): error C2007: sintaxis de #define
D:\GameEngines\GameTubi\Source\Engine\Components\Gizmos\GizmoDrawer.h(37,26): warning C4838: la conversión de 'float' en 'int' requiere una conversión de restricción
D:\GameEngines\GameTubi\Source\Engine\Components\Gizmos\GizmoDrawer.h(37,26): warning C4244: 'inicializando': conversión de 'float' a 'int'; posible pérdida de datos
D:\GameEngines\GameTubi\Source\Engine\Components\Gizmos\GizmoDrawer.h(37,36): warning C4838: la conversión de 'float' en 'int' requiere una conversión de restricción
D:\GameEngines\GameTubi\Source\Engine\Components\Gizmos\GizmoDrawer.h(37,36): warning C4244: 'inicializando': conversión de 'float' a 'int'; posible pérdida de datos
D:\GameEngines\GameTubi\Source\Engine\Components\SceneManager\ManagerScene.h(2,10): warning C4067: símbolos (token) inesperados después de la directiva del preprocesador; se esperaba una nueva línea
D:\GameEngines\GameTubi\Source\Engine\Components\SceneManager\ManagerScene.h(3,10): warning C4067: símbolos (token) inesperados después de la directiva del preprocesador; se esperaba una nueva línea
D:\GameEngines\GameTubi\Source\Engine\Components\Object.h(13,14): warning C4099: 'b2Body': nombre de tipo visto anteriormente usando 'class' ahora se ve usando 'struct'
D:\GameEngines\GameTubi\Complementos\include\Box2D\b2_joint.h(29,7): message : vea la declaración de 'b2Body'
D:\GameEngines\GameTubi\Source\Engine\Components\Object.h(14,22): warning C4099: 'b2PolygonShape': nombre de tipo visto anteriormente usando 'class' ahora se ve usando 'struct'
D:\GameEngines\GameTubi\Complementos\include\Box2D\b2_polygon_shape.h(34,14): message : vea la declaración de 'b2PolygonShape'
D:\GameEngines\GameTubi\Source\Engine\Components\Mathf\GMathf.h(19,12): warning C4244: 'return': conversión de 'double' a 'float'; posible pérdida de datos
D:\GameEngines\GameTubi\Source\Engine\Components\Mathf\GMathf.h(53,10): warning C4244: 'return': conversión de 'int' a 'float'; posible pérdida de datos
D:\GameEngines\GameTubi\Source\Engine\Components\Mathf\GMathf.h(173,3): warning C4305: 'return': truncamiento de 'double' a 'float'
D:\GameEngines\GameTubi\Source\Engine\Components\ParticlesSystem\Particle.h(52,26): warning C4838: la conversión de 'float' en 'int' requiere una conversión de restricción
D:\GameEngines\GameTubi\Source\Engine\Components\ParticlesSystem\Particle.h(52,26): warning C4244: 'inicializando': conversión de 'float' a 'int'; posible pérdida de datos
D:\GameEngines\GameTubi\Source\Engine\Components\ParticlesSystem\Particle.h(52,36): warning C4838: la conversión de 'float' en 'int' requiere una conversión de restricción
D:\GameEngines\GameTubi\Source\Engine\Components\ParticlesSystem\Particle.h(52,36): warning C4244: 'inicializando': conversión de 'float' a 'int'; posible pérdida de datos
D:\GameEngines\GameTubi\Source\Engine\Components\ParticlesSystem\ParticlesSystem.h(23): warning C4305: 'inicializando': truncamiento de 'double' a 'float'
D:\GameEngines\GameTubi\Source\Engine\Components\ParticlesSystem\ParticlesSystem.h(56,19): warning C4244: 'inicializando': conversión de 'float' a 'int'; posible pérdida de datos
D:\GameEngines\GameTubi\Source\Engine\Components\ParticlesSystem\ParticlesSystem.h(57,19): warning C4244: 'inicializando': conversión de 'float' a 'int'; posible pérdida de datos
D:\GameEngines\GameTubi\Source\Engine\Components\ParticlesSystem\ParticlesSystem.h(65,1): warning C4267: 'inicializando': conversión de 'size_t' a 'int'; posible pérdida de datos
D:\GameEngines\GameTubi\Source\Engine\Components\ParticlesSystem\ParticlesSystem.h(111,40): warning C4244: '=': conversión de 'int' a 'float'; posible pérdida de datos
D:\GameEngines\GameTubi\Source\Engine\Components\ParticlesSystem\ParticlesSystem.h(120,1): warning C4267: 'inicializando': conversión de 'size_t' a 'int'; posible pérdida de datos
D:\GameEngines\GameTubi\Source\Engine\Components\ParticlesSystem\ParticlesSystem.h(138,1): warning C4267: 'inicializando': conversión de 'size_t' a 'int'; posible pérdida de datos
D:\GameEngines\GameTubi\Source\Engine\Components\SceneManager\Scene.h(14,14): warning C4099: 'b2Draw': nombre de tipo visto anteriormente usando 'class' ahora se ve usando 'struct'
D:\GameEngines\GameTubi\Complementos\include\Box2D\b2_joint.h(30,7): message : vea la declaración de 'b2Draw'
D:\GameEngines\GameTubi\Source\Engine\Components\SaveSystem\SaveData.cpp(282,9): warning C4150: eliminación de puntero a tipo 'SDL_Texture' incompleto; no se ha llamado a un destructor
D:\GameEngines\GameTubi\Complementos\include\SDL2\SDL_render.h(147,8): message : vea la declaración de 'SDL_Texture'
  ManagerScene.cpp
D:\GameEngines\GameTubi\Source\Engine\Components\SceneManager\ManagerScene.h(2,10): warning C4067: símbolos (token) inesperados después de la directiva del preprocesador; se esperaba una nueva línea
D:\GameEngines\GameTubi\Source\Engine\Components\SceneManager\ManagerScene.h(3,10): warning C4067: símbolos (token) inesperados después de la directiva del preprocesador; se esperaba una nueva línea
D:\GameEngines\GameTubi\Source\Engine\Window.h(2,1): error C2007: sintaxis de #define
D:\GameEngines\GameTubi\Source\Engine\Components\Gizmos\GizmoDrawer.h(37,26): warning C4838: la conversión de 'float' en 'int' requiere una conversión de restricción
D:\GameEngines\GameTubi\Source\Engine\Components\Gizmos\GizmoDrawer.h(37,26): warning C4244: 'inicializando': conversión de 'float' a 'int'; posible pérdida de datos
D:\GameEngines\GameTubi\Source\Engine\Components\Gizmos\GizmoDrawer.h(37,36): warning C4838: la conversión de 'float' en 'int' requiere una conversión de restricción
D:\GameEngines\GameTubi\Source\Engine\Components\Gizmos\GizmoDrawer.h(37,36): warning C4244: 'inicializando': conversión de 'float' a 'int'; posible pérdida de datos
D:\GameEngines\GameTubi\Source\Engine\Components\Object.h(13,14): warning C4099: 'b2Body': nombre de tipo visto anteriormente usando 'class' ahora se ve usando 'struct'
D:\GameEngines\GameTubi\Complementos\include\Box2D\b2_joint.h(29,7): message : vea la declaración de 'b2Body'
D:\GameEngines\GameTubi\Source\Engine\Components\Object.h(14,22): warning C4099: 'b2PolygonShape': nombre de tipo visto anteriormente usando 'class' ahora se ve usando 'struct'
D:\GameEngines\GameTubi\Complementos\include\Box2D\b2_polygon_shape.h(34,14): message : vea la declaración de 'b2PolygonShape'
D:\GameEngines\GameTubi\Source\Engine\Components\Mathf\GMathf.h(19,12): warning C4244: 'return': conversión de 'double' a 'float'; posible pérdida de datos
D:\GameEngines\GameTubi\Source\Engine\Components\Mathf\GMathf.h(53,10): warning C4244: 'return': conversión de 'int' a 'float'; posible pérdida de datos
D:\GameEngines\GameTubi\Source\Engine\Components\Mathf\GMathf.h(173,3): warning C4305: 'return': truncamiento de 'double' a 'float'
D:\GameEngines\GameTubi\Source\Engine\Components\ParticlesSystem\Particle.h(52,26): warning C4838: la conversión de 'float' en 'int' requiere una conversión de restricción
D:\GameEngines\GameTubi\Source\Engine\Components\ParticlesSystem\Particle.h(52,26): warning C4244: 'inicializando': conversión de 'float' a 'int'; posible pérdida de datos
D:\GameEngines\GameTubi\Source\Engine\Components\ParticlesSystem\Particle.h(52,36): warning C4838: la conversión de 'float' en 'int' requiere una conversión de restricción
D:\GameEngines\GameTubi\Source\Engine\Components\ParticlesSystem\Particle.h(52,36): warning C4244: 'inicializando': conversión de 'float' a 'int'; posible pérdida de datos
D:\GameEngines\GameTubi\Source\Engine\Components\ParticlesSystem\ParticlesSystem.h(23): warning C4305: 'inicializando': truncamiento de 'double' a 'float'
D:\GameEngines\GameTubi\Source\Engine\Components\ParticlesSystem\ParticlesSystem.h(56,19): warning C4244: 'inicializando': conversión de 'float' a 'int'; posible pérdida de datos
D:\GameEngines\GameTubi\Source\Engine\Components\ParticlesSystem\ParticlesSystem.h(57,19): warning C4244: 'inicializando': conversión de 'float' a 'int'; posible pérdida de datos
D:\GameEngines\GameTubi\Source\Engine\Components\ParticlesSystem\ParticlesSystem.h(65,1): warning C4267: 'inicializando': conversión de 'size_t' a 'int'; posible pérdida de datos
D:\GameEngines\GameTubi\Source\Engine\Components\ParticlesSystem\ParticlesSystem.h(111,40): warning C4244: '=': conversión de 'int' a 'float'; posible pérdida de datos
D:\GameEngines\GameTubi\Source\Engine\Components\ParticlesSystem\ParticlesSystem.h(120,1): warning C4267: 'inicializando': conversión de 'size_t' a 'int'; posible pérdida de datos
D:\GameEngines\GameTubi\Source\Engine\Components\ParticlesSystem\ParticlesSystem.h(138,1): warning C4267: 'inicializando': conversión de 'size_t' a 'int'; posible pérdida de datos
D:\GameEngines\GameTubi\Source\Engine\Components\SceneManager\Scene.h(14,14): warning C4099: 'b2Draw': nombre de tipo visto anteriormente usando 'class' ahora se ve usando 'struct'
D:\GameEngines\GameTubi\Complementos\include\Box2D\b2_joint.h(30,7): message : vea la declaración de 'b2Draw'
  Scene.cpp
D:\GameEngines\GameTubi\Source\Engine\Window.h(2,1): error C2007: sintaxis de #define
D:\GameEngines\GameTubi\Source\Engine\Components\Gizmos\GizmoDrawer.h(37,26): warning C4838: la conversión de 'float' en 'int' requiere una conversión de restricción
D:\GameEngines\GameTubi\Source\Engine\Components\Gizmos\GizmoDrawer.h(37,26): warning C4244: 'inicializando': conversión de 'float' a 'int'; posible pérdida de datos
D:\GameEngines\GameTubi\Source\Engine\Components\Gizmos\GizmoDrawer.h(37,36): warning C4838: la conversión de 'float' en 'int' requiere una conversión de restricción
D:\GameEngines\GameTubi\Source\Engine\Components\Gizmos\GizmoDrawer.h(37,36): warning C4244: 'inicializando': conversión de 'float' a 'int'; posible pérdida de datos
D:\GameEngines\GameTubi\Source\Engine\Components\Object.h(13,14): warning C4099: 'b2Body': nombre de tipo visto anteriormente usando 'class' ahora se ve usando 'struct'
D:\GameEngines\GameTubi\Complementos\include\Box2D\b2_joint.h(29,7): message : vea la declaración de 'b2Body'
D:\GameEngines\GameTubi\Source\Engine\Components\Object.h(14,22): warning C4099: 'b2PolygonShape': nombre de tipo visto anteriormente usando 'class' ahora se ve usando 'struct'
D:\GameEngines\GameTubi\Complementos\include\Box2D\b2_polygon_shape.h(34,14): message : vea la declaración de 'b2PolygonShape'
D:\GameEngines\GameTubi\Source\Engine\Components\Mathf\GMathf.h(19,12): warning C4244: 'return': conversión de 'double' a 'float'; posible pérdida de datos
D:\GameEngines\GameTubi\Source\Engine\Components\Mathf\GMathf.h(53,10): warning C4244: 'return': conversión de 'int' a 'float'; posible pérdida de datos
D:\GameEngines\GameTubi\Source\Engine\Components\Mathf\GMathf.h(173,3): warning C4305: 'return': truncamiento de 'double' a 'float'
D:\GameEngines\GameTubi\Source\Engine\Components\ParticlesSystem\Particle.h(52,26): warning C4838: la conversión de 'float' en 'int' requiere una conversión de restricción
D:\GameEngines\GameTubi\Source\Engine\Components\ParticlesSystem\Particle.h(52,26): warning C4244: 'inicializando': conversión de 'float' a 'int'; posible pérdida de datos
D:\GameEngines\GameTubi\Source\Engine\Components\ParticlesSystem\Particle.h(52,36): warning C4838: la conversión de 'float' en 'int' requiere una conversión de restricción
D:\GameEngines\GameTubi\Source\Engine\Components\ParticlesSystem\Particle.h(52,36): warning C4244: 'inicializando': conversión de 'float' a 'int'; posible pérdida de datos
D:\GameEngines\GameTubi\Source\Engine\Components\ParticlesSystem\ParticlesSystem.h(23): warning C4305: 'inicializando': truncamiento de 'double' a 'float'
D:\GameEngines\GameTubi\Source\Engine\Components\ParticlesSystem\ParticlesSystem.h(56,19): warning C4244: 'inicializando': conversión de 'float' a 'int'; posible pérdida de datos
D:\GameEngines\GameTubi\Source\Engine\Components\ParticlesSystem\ParticlesSystem.h(57,19): warning C4244: 'inicializando': conversión de 'float' a 'int'; posible pérdida de datos
D:\GameEngines\GameTubi\Source\Engine\Components\ParticlesSystem\ParticlesSystem.h(65,1): warning C4267: 'inicializando': conversión de 'size_t' a 'int'; posible pérdida de datos
D:\GameEngines\GameTubi\Source\Engine\Components\ParticlesSystem\ParticlesSystem.h(111,40): warning C4244: '=': conversión de 'int' a 'float'; posible pérdida de datos
D:\GameEngines\GameTubi\Source\Engine\Components\ParticlesSystem\ParticlesSystem.h(120,1): warning C4267: 'inicializando': conversión de 'size_t' a 'int'; posible pérdida de datos
D:\GameEngines\GameTubi\Source\Engine\Components\ParticlesSystem\ParticlesSystem.h(138,1): warning C4267: 'inicializando': conversión de 'size_t' a 'int'; posible pérdida de datos
D:\GameEngines\GameTubi\Source\Engine\Components\SceneManager\Scene.h(14,14): warning C4099: 'b2Draw': nombre de tipo visto anteriormente usando 'class' ahora se ve usando 'struct'
D:\GameEngines\GameTubi\Complementos\include\Box2D\b2_joint.h(30,7): message : vea la declaración de 'b2Draw'
  TextureManager.cpp
D:\GameEngines\GameTubi\Source\Engine\Window.h(2,1): error C2007: sintaxis de #define
  Window.cpp
D:\GameEngines\GameTubi\Source\Engine\Window.h(2,1): error C2007: sintaxis de #define
D:\GameEngines\GameTubi\Source\Engine\Components\SceneManager\ManagerScene.h(2,10): warning C4067: símbolos (token) inesperados después de la directiva del preprocesador; se esperaba una nueva línea
D:\GameEngines\GameTubi\Source\Engine\Components\SceneManager\ManagerScene.h(3,10): warning C4067: símbolos (token) inesperados después de la directiva del preprocesador; se esperaba una nueva línea
D:\GameEngines\GameTubi\Source\Engine\Components\Gizmos\GizmoDrawer.h(37,26): warning C4838: la conversión de 'float' en 'int' requiere una conversión de restricción
D:\GameEngines\GameTubi\Source\Engine\Components\Gizmos\GizmoDrawer.h(37,26): warning C4244: 'inicializando': conversión de 'float' a 'int'; posible pérdida de datos
D:\GameEngines\GameTubi\Source\Engine\Components\Gizmos\GizmoDrawer.h(37,36): warning C4838: la conversión de 'float' en 'int' requiere una conversión de restricción
D:\GameEngines\GameTubi\Source\Engine\Components\Gizmos\GizmoDrawer.h(37,36): warning C4244: 'inicializando': conversión de 'float' a 'int'; posible pérdida de datos
D:\GameEngines\GameTubi\Source\Engine\Components\Object.h(13,14): warning C4099: 'b2Body': nombre de tipo visto anteriormente usando 'class' ahora se ve usando 'struct'
D:\GameEngines\GameTubi\Complementos\include\Box2D\b2_joint.h(29,7): message : vea la declaración de 'b2Body'
D:\GameEngines\GameTubi\Source\Engine\Components\Object.h(14,22): warning C4099: 'b2PolygonShape': nombre de tipo visto anteriormente usando 'class' ahora se ve usando 'struct'
D:\GameEngines\GameTubi\Complementos\include\Box2D\b2_polygon_shape.h(34,14): message : vea la declaración de 'b2PolygonShape'
D:\GameEngines\GameTubi\Source\Engine\Components\Mathf\GMathf.h(19,12): warning C4244: 'return': conversión de 'double' a 'float'; posible pérdida de datos
D:\GameEngines\GameTubi\Source\Engine\Components\Mathf\GMathf.h(53,10): warning C4244: 'return': conversión de 'int' a 'float'; posible pérdida de datos
D:\GameEngines\GameTubi\Source\Engine\Components\Mathf\GMathf.h(173,3): warning C4305: 'return': truncamiento de 'double' a 'float'
D:\GameEngines\GameTubi\Source\Engine\Components\ParticlesSystem\Particle.h(52,26): warning C4838: la conversión de 'float' en 'int' requiere una conversión de restricción
D:\GameEngines\GameTubi\Source\Engine\Components\ParticlesSystem\Particle.h(52,26): warning C4244: 'inicializando': conversión de 'float' a 'int'; posible pérdida de datos
D:\GameEngines\GameTubi\Source\Engine\Components\ParticlesSystem\Particle.h(52,36): warning C4838: la conversión de 'float' en 'int' requiere una conversión de restricción
D:\GameEngines\GameTubi\Source\Engine\Components\ParticlesSystem\Particle.h(52,36): warning C4244: 'inicializando': conversión de 'float' a 'int'; posible pérdida de datos
D:\GameEngines\GameTubi\Source\Engine\Components\ParticlesSystem\ParticlesSystem.h(23): warning C4305: 'inicializando': truncamiento de 'double' a 'float'
D:\GameEngines\GameTubi\Source\Engine\Components\ParticlesSystem\ParticlesSystem.h(56,19): warning C4244: 'inicializando': conversión de 'float' a 'int'; posible pérdida de datos
D:\GameEngines\GameTubi\Source\Engine\Components\ParticlesSystem\ParticlesSystem.h(57,19): warning C4244: 'inicializando': conversión de 'float' a 'int'; posible pérdida de datos
D:\GameEngines\GameTubi\Source\Engine\Components\ParticlesSystem\ParticlesSystem.h(65,1): warning C4267: 'inicializando': conversión de 'size_t' a 'int'; posible pérdida de datos
D:\GameEngines\GameTubi\Source\Engine\Components\ParticlesSystem\ParticlesSystem.h(111,40): warning C4244: '=': conversión de 'int' a 'float'; posible pérdida de datos
D:\GameEngines\GameTubi\Source\Engine\Components\ParticlesSystem\ParticlesSystem.h(120,1): warning C4267: 'inicializando': conversión de 'size_t' a 'int'; posible pérdida de datos
D:\GameEngines\GameTubi\Source\Engine\Components\ParticlesSystem\ParticlesSystem.h(138,1): warning C4267: 'inicializando': conversión de 'size_t' a 'int'; posible pérdida de datos
D:\GameEngines\GameTubi\Source\Engine\Components\SceneManager\Scene.h(14,14): warning C4099: 'b2Draw': nombre de tipo visto anteriormente usando 'class' ahora se ve usando 'struct'
D:\GameEngines\GameTubi\Complementos\include\Box2D\b2_joint.h(30,7): message : vea la declaración de 'b2Draw'
D:\GameEngines\GameTubi\Source\Engine\Window.cpp(162,11): warning C4244: 'inicializando': conversión de 'float' a 'int'; posible pérdida de datos
D:\GameEngines\GameTubi\Source\Engine\Window.cpp(163,11): warning C4244: 'inicializando': conversión de 'float' a 'int'; posible pérdida de datos
D:\GameEngines\GameTubi\Source\Engine\Window.cpp(437,28): warning C4244: '=': conversión de 'int' a 'float'; posible pérdida de datos
D:\GameEngines\GameTubi\Source\Engine\Window.cpp(438,28): warning C4244: '=': conversión de 'int' a 'float'; posible pérdida de datos
  Generando código...
