d:\gameengines\gametubi\x64\debug\vc143.pdb
d:\gameengines\gametubi\x64\debug\vc143.idb
d:\gameengines\gametubi\gametubi\x64\debug\vc143.pdb
d:\gameengines\gametubi\gametubi\x64\debug\vc143.idb
d:\gameengines\gametubi\x64\debug\window.obj
d:\gameengines\gametubi\x64\debug\texturemanager.obj
d:\gameengines\gametubi\x64\debug\sprite.obj
d:\gameengines\gametubi\x64\debug\scene.obj
d:\gameengines\gametubi\x64\debug\managerscene.obj
d:\gameengines\gametubi\x64\debug\vector2.obj
d:\gameengines\gametubi\x64\debug\map.obj
d:\gameengines\gametubi\x64\debug\luarunner.obj
d:\gameengines\gametubi\x64\debug\gametubi.obj
d:\gameengines\gametubi\x64\debug\imgui_widgets.obj
d:\gameengines\gametubi\x64\debug\imgui_tables.obj
d:\gameengines\gametubi\x64\debug\imgui_impl_sdlrenderer.obj
d:\gameengines\gametubi\x64\debug\imgui_impl_sdl2.obj
d:\gameengines\gametubi\x64\debug\imgui_draw.obj
d:\gameengines\gametubi\x64\debug\imgui_demo.obj
d:\gameengines\gametubi\x64\debug\imgui.obj
d:\gameengines\gametubi\x64\debug\object.obj
d:\gameengines\gametubi\build\gametubi.exe
d:\gameengines\gametubi\x64\debug\gametubi.ilk
d:\gameengines\gametubi\build\gametubi.pdb
d:\gameengines\gametubi\x64\debug\collider.obj
d:\gameengines\gametubi\x64\debug\collision.obj
d:\gameengines\gametubi\x64\debug\components.obj
d:\gameengines\gametubi\x64\debug\ecs.obj
d:\gameengines\gametubi\x64\debug\gameobject.obj
d:\gameengines\gametubi\x64\debug\scenemanager.obj
d:\gameengines\gametubi\x64\debug\spritecomponent.obj
d:\gameengines\gametubi\x64\debug\transform.obj
d:\gameengines\gametubi\x64\debug\gametubi.tlog\cl.command.1.tlog
d:\gameengines\gametubi\x64\debug\gametubi.tlog\cl.read.1.tlog
d:\gameengines\gametubi\x64\debug\gametubi.tlog\cl.write.1.tlog
d:\gameengines\gametubi\x64\debug\gametubi.tlog\link.command.1.tlog
d:\gameengines\gametubi\x64\debug\gametubi.tlog\link.read.1.tlog
d:\gameengines\gametubi\x64\debug\gametubi.tlog\link.write.1.tlog
